<?xml version="1.0" encoding="UTF-8"?>
<testsuite xmlns:xsi="http://www.w3.org/2001/XMLSchema-instance" xsi:noNamespaceSchemaLocation="https://maven.apache.org/surefire/maven-surefire-plugin/xsd/surefire-test-report-3.0.xsd" version="3.0" name="com.anagram.AnagramGeneratorServiceTest" time="0.048" tests="12" errors="0" skipped="0" failures="0">
  <properties>
[...]
</properties>
  <testcase name="testTwoLetterAnagram" classname="com.anagram.AnagramGeneratorServiceTest" time="0.021"/>
  <testcase name="testUppercaseLetters" classname="com.anagram.AnagramGeneratorServiceTest" time="0.001"/>
  <testcase name="testDuplicateLettersInput" classname="com.anagram.AnagramGeneratorServiceTest" time="0.002"/>
  <testcase name="testNonLetterInput" classname="com.anagram.AnagramGeneratorServiceTest" time="0.001"/>
  <testcase name="testGenerateAnagramsAsString" classname="com.anagram.AnagramGeneratorServiceTest" time="0.001"/>
  <testcase name="testCaseSensitivity" classname="com.anagram.AnagramGeneratorServiceTest" time="0.001"/>
  <testcase name="testSingleLetterAnagram" classname="com.anagram.AnagramGeneratorServiceTest" time="0"/>
  <testcase name="testFourLetterAnagram" classname="com.anagram.AnagramGeneratorServiceTest" time="0.001"/>
  <testcase name="testEmptyString" classname="com.anagram.AnagramGeneratorServiceTest" time="0.001"/>
  <testcase name="testInputValidator" classname="com.anagram.AnagramGeneratorServiceTest" time="0.001"/>
  <testcase name="testNullInput" classname="com.anagram.AnagramGeneratorServiceTest" time="0.001"/>
  <testcase name="testThreeLetterAnagram" classname="com.anagram.AnagramGeneratorServiceTest" time="0.002"/>
</testsuite>